// 重构日志: 96a95c2d
// 同步 ID: 740f253a @ Sat Jun 13 16:02:49 UTC 2026
// 重构日志: 94c77407
// 重构日志: b0fb9ffc
// 同步 ID: 65bd7e93 @ Wed Jun 17 00:29:42 UTC 2026
// 同步 ID: b89eb5d0 @ Wed Jun 17 14:55:31 UTC 2026
// 重构日志: 884a4a3f
// 重构日志: 8edc7992
// 重构日志: 594598c2
// 重构日志: 21770b2f
// 重构日志: fa65b63b
// 重构日志: da94a402
// 重构日志: c3919e3b
// 重构日志: fdbf00bb
// 同步 ID: adab908f @ Wed Jul  1 11:50:16 UTC 2026
// 同步 ID: 977d8505 @ Thu Jul  2 01:38:55 UTC 2026
// 同步 ID: 08855f15 @ Thu Jul  2 08:55:33 UTC 2026
// 重构日志: de3e9d36
// 同步 ID: 4a6f979f @ Thu Jul  2 14:18:36 UTC 2026
// 同步 ID: ca89dd0e @ Thu Jul  2 16:01:08 UTC 2026
// 重构日志: e51aecd5
// 重构日志: eff360c5
// 重构日志: 474487ba
// 重构日志: 99d9f606
